build/app/intermediates/manifest_merge_blame_file/debug/manifest-merger-blame-debug-report.txt
1<?xml version="1.0" encoding="utf-8"?>
2<manifest xmlns:android="http://schemas.android.com/apk/res/android"
3    package="com.example.flutter_practice"
4    android:versionCode="1"
5    android:versionName="1.0.0" >
6
7    <uses-sdk
8        android:minSdkVersion="21"
9        android:targetSdkVersion="29" />
10    <!--
11         Flutter needs it to communicate with the running application
12         to allow setting breakpoints, to provide hot reload, etc.
13    -->
14    <uses-permission android:name="android.permission.INTERNET" />
14-->src\debug\AndroidManifest.xml:6:5-66
14-->src\debug\AndroidManifest.xml:6:22-64
15    <uses-permission android:name="android.permission.READ_EXTERNAL_STORAGE" />
15-->[:image_picker] AndroidManifest.xml:7:5-80
15-->[:image_picker] AndroidManifest.xml:7:22-77
16    <uses-permission android:name="android.permission.WRITE_EXTERNAL_STORAGE" /> <!-- Although the *SdkVersion is captured in gradle build files, this is required for non gradle builds -->
16-->[:image_picker] AndroidManifest.xml:8:5-81
16-->[:image_picker] AndroidManifest.xml:8:22-78
17    <!-- <uses-sdk android:minSdkVersion="14" /> -->
18    <uses-permission android:name="android.permission.ACCESS_NETWORK_STATE" />
18-->[com.google.firebase:firebase-firestore:21.3.0] AndroidManifest.xml:13:5-79
18-->[com.google.firebase:firebase-firestore:21.3.0] AndroidManifest.xml:13:22-76
19    <!--
20 io.flutter.app.FlutterApplication is an android.app.Application that
21         calls FlutterMain.startInitialization(this); in its onCreate method.
22         In most cases you can leave this as-is, but you if you want to provide
23         additional functionality it is fine to subclass or reimplement
24         FlutterApplication and put your custom class here.
25    -->
26    <application
26-->src\main\AndroidManifest.xml:8:5-46:19
27        android:name="io.flutter.app.FlutterApplication"
27-->src\main\AndroidManifest.xml:9:9-57
28        android:appComponentFactory="androidx.core.app.CoreComponentFactory"
28-->[androidx.core:core:1.1.0] AndroidManifest.xml:24:18-86
29        android:debuggable="true"
30        android:icon="@mipmap/ic_launcher"
30-->src\main\AndroidManifest.xml:11:9-43
31        android:label="flutter_practice" >
31-->src\main\AndroidManifest.xml:10:9-41
32        <activity
32-->src\main\AndroidManifest.xml:12:9-40:20
33            android:name="com.example.flutter_practice.MainActivity"
33-->src\main\AndroidManifest.xml:13:13-41
34            android:configChanges="orientation|keyboardHidden|keyboard|screenSize|smallestScreenSize|locale|layoutDirection|fontScale|screenLayout|density|uiMode"
34-->src\main\AndroidManifest.xml:16:13-163
35            android:hardwareAccelerated="true"
35-->src\main\AndroidManifest.xml:17:13-47
36            android:launchMode="singleTop"
36-->src\main\AndroidManifest.xml:14:13-43
37            android:theme="@style/LaunchTheme"
37-->src\main\AndroidManifest.xml:15:13-47
38            android:windowSoftInputMode="adjustResize" >
38-->src\main\AndroidManifest.xml:18:13-55
39
40            <!--
41                 Specifies an Android theme to apply to this Activity as soon as
42                 the Android process has started. This theme is visible to the user
43                 while the Flutter UI initializes. After that, this theme continues
44                 to determine the Window background behind the Flutter UI.
45            -->
46            <meta-data
46-->src\main\AndroidManifest.xml:23:13-26:17
47                android:name="io.flutter.embedding.android.NormalTheme"
47-->src\main\AndroidManifest.xml:24:15-70
48                android:resource="@style/NormalTheme" />
48-->src\main\AndroidManifest.xml:25:15-52
49            <!--
50                 Displays an Android View that continues showing the launch screen
51                 Drawable until Flutter paints its first frame, then this splash
52                 screen fades out. A splash screen is useful to avoid any visual
53                 gap between the end of Android's launch screen and the painting of
54                 Flutter's first frame.
55            -->
56            <meta-data
56-->src\main\AndroidManifest.xml:32:13-35:17
57                android:name="io.flutter.embedding.android.SplashScreenDrawable"
57-->src\main\AndroidManifest.xml:33:15-79
58                android:resource="@drawable/launch_background" />
58-->src\main\AndroidManifest.xml:34:15-61
59
60            <intent-filter>
60-->src\main\AndroidManifest.xml:36:13-39:29
61                <action android:name="android.intent.action.MAIN" />
61-->src\main\AndroidManifest.xml:37:17-68
61-->src\main\AndroidManifest.xml:37:25-66
62
63                <category android:name="android.intent.category.LAUNCHER" />
63-->src\main\AndroidManifest.xml:38:17-76
63-->src\main\AndroidManifest.xml:38:27-74
64            </intent-filter>
65        </activity>
66        <!--
67             Don't delete the meta-data below.
68             This is used by the Flutter tool to generate GeneratedPluginRegistrant.java
69        -->
70        <meta-data
70-->src\main\AndroidManifest.xml:43:9-45:33
71            android:name="flutterEmbedding"
71-->src\main\AndroidManifest.xml:44:13-44
72            android:value="2" />
72-->src\main\AndroidManifest.xml:45:13-30
73
74        <service
74-->[:firebase_auth] AndroidManifest.xml:8:9-12:19
75            android:name="com.google.firebase.components.ComponentDiscoveryService"
75-->[:firebase_auth] AndroidManifest.xml:8:18-89
76            android:directBootAware="true"
76-->[com.google.firebase:firebase-common:19.3.0] AndroidManifest.xml:34:13-43
77            android:exported="false" >
77-->[com.google.firebase:firebase-auth:19.2.0] AndroidManifest.xml:35:13-37
78            <meta-data
78-->[:firebase_auth] AndroidManifest.xml:9:13-11:85
79                android:name="com.google.firebase.components:io.flutter.plugins.firebaseauth.FlutterFirebaseAppRegistrar"
79-->[:firebase_auth] AndroidManifest.xml:10:17-122
80                android:value="com.google.firebase.components.ComponentRegistrar" />
80-->[:firebase_auth] AndroidManifest.xml:11:17-82
81            <meta-data
81-->[:cloud_firestore] AndroidManifest.xml:9:13-11:85
82                android:name="com.google.firebase.components:io.flutter.plugins.firebase.cloudfirestore.FlutterFirebaseAppRegistrar"
82-->[:cloud_firestore] AndroidManifest.xml:10:17-133
83                android:value="com.google.firebase.components.ComponentRegistrar" />
83-->[:cloud_firestore] AndroidManifest.xml:11:17-82
84            <meta-data
84-->[:firebase_core] AndroidManifest.xml:9:13-11:85
85                android:name="com.google.firebase.components:io.flutter.plugins.firebase.core.FlutterFirebaseAppRegistrar"
85-->[:firebase_core] AndroidManifest.xml:10:17-123
86                android:value="com.google.firebase.components.ComponentRegistrar" />
86-->[:firebase_core] AndroidManifest.xml:11:17-82
87            <meta-data
87-->[com.google.firebase:firebase-auth:19.2.0] AndroidManifest.xml:36:13-38:85
88                android:name="com.google.firebase.components:com.google.firebase.auth.FirebaseAuthRegistrar"
88-->[com.google.firebase:firebase-auth:19.2.0] AndroidManifest.xml:37:17-109
89                android:value="com.google.firebase.components.ComponentRegistrar" />
89-->[com.google.firebase:firebase-auth:19.2.0] AndroidManifest.xml:38:17-82
90            <meta-data
90-->[com.google.firebase:firebase-firestore:21.3.0] AndroidManifest.xml:20:13-22:85
91                android:name="com.google.firebase.components:com.google.firebase.firestore.FirestoreRegistrar"
91-->[com.google.firebase:firebase-firestore:21.3.0] AndroidManifest.xml:21:17-111
92                android:value="com.google.firebase.components.ComponentRegistrar" />
92-->[com.google.firebase:firebase-firestore:21.3.0] AndroidManifest.xml:22:17-82
93        </service>
94
95        <provider
95-->[:image_picker] AndroidManifest.xml:11:9-19:20
96            android:name="io.flutter.plugins.imagepicker.ImagePickerFileProvider"
96-->[:image_picker] AndroidManifest.xml:12:13-82
97            android:authorities="com.example.flutter_practice.flutter.image_provider"
97-->[:image_picker] AndroidManifest.xml:13:13-74
98            android:exported="false"
98-->[:image_picker] AndroidManifest.xml:14:13-37
99            android:grantUriPermissions="true" >
99-->[:image_picker] AndroidManifest.xml:15:13-47
100            <meta-data
100-->[:image_picker] AndroidManifest.xml:16:13-18:75
101                android:name="android.support.FILE_PROVIDER_PATHS"
101-->[:image_picker] AndroidManifest.xml:17:17-67
102                android:resource="@xml/flutter_image_picker_file_paths" />
102-->[:image_picker] AndroidManifest.xml:18:17-72
103        </provider>
104
105        <activity
105-->[com.google.firebase:firebase-auth:19.2.0] AndroidManifest.xml:24:9-31:50
106            android:name="com.google.firebase.auth.internal.FederatedSignInActivity"
106-->[com.google.firebase:firebase-auth:19.2.0] AndroidManifest.xml:25:13-85
107            android:excludeFromRecents="true"
107-->[com.google.firebase:firebase-auth:19.2.0] AndroidManifest.xml:26:13-46
108            android:exported="true"
108-->[com.google.firebase:firebase-auth:19.2.0] AndroidManifest.xml:27:13-36
109            android:launchMode="singleTask"
109-->[com.google.firebase:firebase-auth:19.2.0] AndroidManifest.xml:28:13-44
110            android:permission="com.google.firebase.auth.api.gms.permission.LAUNCH_FEDERATED_SIGN_IN"
110-->[com.google.firebase:firebase-auth:19.2.0] AndroidManifest.xml:29:13-102
111            android:theme="@android:style/Theme.Translucent.NoTitleBar" />
111-->[com.google.firebase:firebase-auth:19.2.0] AndroidManifest.xml:30:13-72
112        <activity
112-->[com.google.android.gms:play-services-auth:16.0.1] AndroidManifest.xml:23:9-27:75
113            android:name="com.google.android.gms.auth.api.signin.internal.SignInHubActivity"
113-->[com.google.android.gms:play-services-auth:16.0.1] AndroidManifest.xml:24:13-93
114            android:excludeFromRecents="true"
114-->[com.google.android.gms:play-services-auth:16.0.1] AndroidManifest.xml:25:13-46
115            android:exported="false"
115-->[com.google.android.gms:play-services-auth:16.0.1] AndroidManifest.xml:26:13-37
116            android:theme="@android:style/Theme.Translucent.NoTitleBar" />
116-->[com.google.android.gms:play-services-auth:16.0.1] AndroidManifest.xml:27:13-72
117        <!--
118            Service handling Google Sign-In user revocation. For apps that do not integrate with
119            Google Sign-In, this service will never be started.
120        -->
121        <service
121-->[com.google.android.gms:play-services-auth:16.0.1] AndroidManifest.xml:33:9-36:110
122            android:name="com.google.android.gms.auth.api.signin.RevocationBoundService"
122-->[com.google.android.gms:play-services-auth:16.0.1] AndroidManifest.xml:34:13-89
123            android:exported="true"
123-->[com.google.android.gms:play-services-auth:16.0.1] AndroidManifest.xml:35:13-36
124            android:permission="com.google.android.gms.auth.api.signin.permission.REVOCATION_NOTIFICATION" />
124-->[com.google.android.gms:play-services-auth:16.0.1] AndroidManifest.xml:36:13-107
125
126        <provider
126-->[com.google.firebase:firebase-common:19.3.0] AndroidManifest.xml:26:9-30:39
127            android:name="com.google.firebase.provider.FirebaseInitProvider"
127-->[com.google.firebase:firebase-common:19.3.0] AndroidManifest.xml:27:13-77
128            android:authorities="com.example.flutter_practice.firebaseinitprovider"
128-->[com.google.firebase:firebase-common:19.3.0] AndroidManifest.xml:28:13-72
129            android:exported="false"
129-->[com.google.firebase:firebase-common:19.3.0] AndroidManifest.xml:29:13-37
130            android:initOrder="100" />
130-->[com.google.firebase:firebase-common:19.3.0] AndroidManifest.xml:30:13-36
131
132        <activity
132-->[com.google.android.gms:play-services-base:17.1.0] AndroidManifest.xml:23:9-26:75
133            android:name="com.google.android.gms.common.api.GoogleApiActivity"
133-->[com.google.android.gms:play-services-base:17.1.0] AndroidManifest.xml:24:13-79
134            android:exported="false"
134-->[com.google.android.gms:play-services-base:17.1.0] AndroidManifest.xml:25:13-37
135            android:theme="@android:style/Theme.Translucent.NoTitleBar" />
135-->[com.google.android.gms:play-services-base:17.1.0] AndroidManifest.xml:26:13-72
136
137        <meta-data
137-->[com.google.android.gms:play-services-basement:17.0.0] AndroidManifest.xml:23:9-25:69
138            android:name="com.google.android.gms.version"
138-->[com.google.android.gms:play-services-basement:17.0.0] AndroidManifest.xml:24:13-58
139            android:value="@integer/google_play_services_version" />
139-->[com.google.android.gms:play-services-basement:17.0.0] AndroidManifest.xml:25:13-66
140    </application>
141
142</manifest>